

*******************************************************************************
Thu Aug 10 06:09:29 2017


FIT:    data read from '../Au_to_MG_along_x_Ret.txt' u 1:5
        format = x:z
        #datapoints = 4
        residuals are weighted equally (unit weight)

function used for fitting: f(x)
	f(x) = a/(x**6)
fitted parameters initialized with current variable values

iter      chisq       delta/lim  lambda   a            
   0 2.6400964372e-02   0.00e+00  8.11e-09    1.000000e+00
   4 1.5770391736e-04  -2.61e-09  8.11e-13    9.991885e+06

After 4 iterations the fit converged.
final sum of squares of residuals : 0.000157704
rel. change during last iteration : -2.61247e-14

degrees of freedom    (FIT_NDF)                        : 3
rms of residuals      (FIT_STDFIT) = sqrt(WSSR/ndf)    : 0.00725038
variance of residuals (reduced chisquare) = WSSR/ndf   : 5.2568e-05

Final set of parameters            Asymptotic Standard Error
=======================            ==========================
a               = 9.99188e+06      +/- 4.472e+05    (4.476%)
